

================================================================
== Vivado HLS Report for 'bwa_align'
================================================================
* Date:           Sat Jun  5 22:28:59 2021

* Version:        2019.2 (Build 2704478 on Wed Nov 06 22:10:23 MST 2019)
* Project:        vivado_hls
* Solution:       solution1
* Product family: zynq
* Target device:  xc7z020-clg400-1


================================================================
== Performance Estimates
================================================================
+ Timing: 
    * Summary: 
    +--------+----------+----------+------------+
    |  Clock |  Target  | Estimated| Uncertainty|
    +--------+----------+----------+------------+
    |ap_clk  | 10.00 ns | 8.613 ns |   1.25 ns  |
    +--------+----------+----------+------------+

+ Latency: 
    * Summary: 
    +---------+---------+----------+----------+-----+-----+---------+
    |  Latency (cycles) |  Latency (absolute) |  Interval | Pipeline|
    |   min   |   max   |    min   |    max   | min | max |   Type  |
    +---------+---------+----------+----------+-----+-----+---------+
    |        ?|        ?|         ?|         ?|    ?|    ?|   none  |
    +---------+---------+----------+----------+-----+-----+---------+

    + Detail: 
        * Instance: 
        N/A

        * Loop: 
        +--------------+---------+---------+----------+-----------+-----------+------+----------+
        |              |  Latency (cycles) | Iteration|  Initiation Interval  | Trip |          |
        |   Loop Name  |   min   |   max   |  Latency |  achieved |   target  | Count| Pipelined|
        +--------------+---------+---------+----------+-----------+-----------+------+----------+
        |- LOOP_OUTER  |        ?|        ?|        20|         20|          1|     ?|    yes   |
        +--------------+---------+---------+----------+-----------+-----------+------+----------+



================================================================
== Utilization Estimates
================================================================
* Summary: 
+-----------------+---------+-------+--------+-------+-----+
|       Name      | BRAM_18K| DSP48E|   FF   |  LUT  | URAM|
+-----------------+---------+-------+--------+-------+-----+
|DSP              |        -|      -|       -|      -|    -|
|Expression       |        -|      -|       0|   1924|    -|
|FIFO             |        -|      -|       -|      -|    -|
|Instance         |        -|      -|       0|   1362|    -|
|Memory           |        -|      -|       -|      -|    -|
|Multiplexer      |        -|      -|       -|   4475|    -|
|Register         |        -|      -|    3302|      -|    -|
+-----------------+---------+-------+--------+-------+-----+
|Total            |        0|      0|    3302|   7761|    0|
+-----------------+---------+-------+--------+-------+-----+
|Available        |      280|    220|  106400|  53200|    0|
+-----------------+---------+-------+--------+-------+-----+
|Utilization (%)  |        0|      0|       3|     14|    0|
+-----------------+---------+-------+--------+-------+-----+

+ Detail: 
    * Instance: 
    +-------------------------+----------------------+---------+-------+---+------+-----+
    |         Instance        |        Module        | BRAM_18K| DSP48E| FF|  LUT | URAM|
    +-------------------------+----------------------+---------+-------+---+------+-----+
    |bwa_align_mux_256bkb_U1  |bwa_align_mux_256bkb  |        0|      0|  0|  1362|    0|
    +-------------------------+----------------------+---------+-------+---+------+-----+
    |Total                    |                      |        0|      0|  0|  1362|    0|
    +-------------------------+----------------------+---------+-------+---+------+-----+

    * DSP48E: 
    N/A

    * Memory: 
    N/A

    * FIFO: 
    N/A

    * Expression: 
    +---------------------------+----------+-------+---+----+------------+------------+
    |       Variable Name       | Operation| DSP48E| FF| LUT| Bitwidth P0| Bitwidth P1|
    +---------------------------+----------+-------+---+----+------------+------------+
    |add_ln105_1_fu_3567_p2     |     +    |      0|  0|  39|          32|          32|
    |add_ln105_2_fu_3709_p2     |     +    |      0|  0|  39|          32|          32|
    |add_ln105_3_fu_3740_p2     |     +    |      0|  0|  39|          32|          32|
    |add_ln105_4_fu_3763_p2     |     +    |      0|  0|  39|          32|          32|
    |add_ln105_fu_3386_p2       |     +    |      0|  0|  39|           2|          32|
    |add_ln108_1_fu_3588_p2     |     +    |      0|  0|  32|          32|          32|
    |add_ln108_2_fu_3722_p2     |     +    |      0|  0|  32|          32|           2|
    |add_ln108_3_fu_3728_p2     |     +    |      0|  0|  32|          32|          32|
    |add_ln108_4_fu_3752_p2     |     +    |      0|  0|  32|          32|           2|
    |add_ln108_5_fu_3757_p2     |     +    |      0|  0|  32|          32|          32|
    |add_ln108_6_fu_3776_p2     |     +    |      0|  0|  32|          32|           2|
    |add_ln108_7_fu_3782_p2     |     +    |      0|  0|  32|          32|          32|
    |add_ln108_fu_3582_p2       |     +    |      0|  0|  32|           2|          32|
    |add_ln116_1_fu_3838_p2     |     +    |      0|  0|  39|           1|          32|
    |add_ln116_2_fu_4002_p2     |     +    |      0|  0|  39|           1|          32|
    |add_ln116_3_fu_4161_p2     |     +    |      0|  0|  39|           1|          32|
    |add_ln116_fu_3650_p2       |     +    |      0|  0|  39|           2|          32|
    |add_ln126_1_fu_3917_p2     |     +    |      0|  0|  39|           2|          32|
    |add_ln126_2_fu_4082_p2     |     +    |      0|  0|  39|           2|          32|
    |add_ln126_3_fu_4223_p2     |     +    |      0|  0|  39|           2|          32|
    |add_ln126_fu_3684_p2       |     +    |      0|  0|  39|           2|          32|
    |add_ln59_fu_3237_p2        |     +    |      0|  0|  39|          32|           2|
    |add_ln91_fu_3439_p2        |     +    |      0|  0|  39|           2|          32|
    |add_ln92_fu_3467_p2        |     +    |      0|  0|  39|           2|          32|
    |head_fu_3263_p2            |     +    |      0|  0|  39|          32|           1|
    |res_sz_fu_3342_p2          |     +    |      0|  0|  39|           1|          32|
    |tail_fu_3513_p2            |     +    |      0|  0|  39|           1|          32|
    |ap_condition_350           |    and   |      0|  0|   2|           1|           1|
    |icmp_ln104_fu_3518_p2      |   icmp   |      0|  0|  18|          32|           1|
    |icmp_ln110_1_fu_3734_p2    |   icmp   |      0|  0|  18|          32|          32|
    |icmp_ln110_2_fu_3923_p2    |   icmp   |      0|  0|  18|          32|          32|
    |icmp_ln110_3_fu_4088_p2    |   icmp   |      0|  0|  18|          32|          32|
    |icmp_ln110_fu_3594_p2      |   icmp   |      0|  0|  18|          32|          32|
    |icmp_ln35_1_fu_3822_p2     |   icmp   |      0|  0|  11|           8|           7|
    |icmp_ln35_2_fu_3984_p2     |   icmp   |      0|  0|  11|           8|           7|
    |icmp_ln35_3_fu_4126_p2     |   icmp   |      0|  0|  11|           8|           7|
    |icmp_ln35_fu_3634_p2       |   icmp   |      0|  0|  11|           8|           7|
    |icmp_ln69_fu_3257_p2       |   icmp   |      0|  0|  18|          32|          32|
    |or_ln105_1_fu_3523_p2      |    or    |      0|  0|  14|          14|           2|
    |or_ln105_2_fu_3533_p2      |    or    |      0|  0|  14|          14|           2|
    |or_ln105_fu_3480_p2        |    or    |      0|  0|  14|          14|           1|
    |or_ln108_1_fu_3543_p2      |    or    |      0|  0|  14|          14|           2|
    |or_ln108_2_fu_3553_p2      |    or    |      0|  0|  14|          14|           2|
    |or_ln108_fu_3502_p2        |    or    |      0|  0|  14|          14|           1|
    |or_ln113_1_fu_3800_p2      |    or    |      0|  0|  14|          14|           1|
    |or_ln113_2_fu_3939_p2      |    or    |      0|  0|  14|          14|           1|
    |or_ln113_3_fu_4104_p2      |    or    |      0|  0|  14|          14|           1|
    |or_ln113_fu_3612_p2        |    or    |      0|  0|  14|          14|           1|
    |or_ln114_1_fu_3811_p2      |    or    |      0|  0|  14|          14|           2|
    |or_ln114_2_fu_3950_p2      |    or    |      0|  0|  14|          14|           2|
    |or_ln114_3_fu_4115_p2      |    or    |      0|  0|  14|          14|           2|
    |or_ln114_fu_3623_p2        |    or    |      0|  0|  14|          14|           2|
    |or_ln115_1_fu_3828_p2      |    or    |      0|  0|  14|          14|           2|
    |or_ln115_2_fu_3974_p2      |    or    |      0|  0|  14|          14|           2|
    |or_ln115_3_fu_4151_p2      |    or    |      0|  0|  14|          14|           2|
    |or_ln115_fu_3640_p2        |    or    |      0|  0|  14|          14|           2|
    |or_ln123_1_fu_3856_p2      |    or    |      0|  0|  14|          14|           1|
    |or_ln123_2_fu_4020_p2      |    or    |      0|  0|  14|          14|           1|
    |or_ln123_3_fu_4192_p2      |    or    |      0|  0|  14|          14|           1|
    |or_ln123_fu_3667_p2        |    or    |      0|  0|  14|          14|           1|
    |or_ln124_1_fu_3873_p2      |    or    |      0|  0|  14|          14|           2|
    |or_ln124_2_fu_4037_p2      |    or    |      0|  0|  14|          14|           2|
    |or_ln124_3_fu_4203_p2      |    or    |      0|  0|  14|          14|           2|
    |or_ln124_fu_3689_p2        |    or    |      0|  0|  14|          14|           2|
    |or_ln125_1_fu_3883_p2      |    or    |      0|  0|  14|          14|           2|
    |or_ln125_2_fu_4047_p2      |    or    |      0|  0|  14|          14|           2|
    |or_ln125_3_fu_4213_p2      |    or    |      0|  0|  14|          14|           2|
    |or_ln125_fu_3699_p2        |    or    |      0|  0|  14|          14|           2|
    |or_ln72_fu_3305_p2         |    or    |      0|  0|  14|          14|           1|
    |or_ln73_fu_3294_p2         |    or    |      0|  0|  14|          14|           2|
    |or_ln74_fu_3315_p2         |    or    |      0|  0|  14|          14|           2|
    |or_ln79_fu_3428_p2         |    or    |      0|  0|  13|          13|           1|
    |or_ln92_fu_3457_p2         |    or    |      0|  0|  14|          14|           1|
    |or_ln93_fu_3364_p2         |    or    |      0|  0|  14|          14|           2|
    |or_ln94_fu_3375_p2         |    or    |      0|  0|  14|          14|           2|
    |select_ln104_1_fu_3715_p3  |  select  |      0|  0|  32|           1|          32|
    |select_ln104_2_fu_3745_p3  |  select  |      0|  0|  32|           1|          32|
    |select_ln104_3_fu_3769_p3  |  select  |      0|  0|  32|           1|          32|
    |select_ln104_fu_3573_p3    |  select  |      0|  0|  32|           1|          32|
    |select_ln129_1_fu_3867_p3  |  select  |      0|  0|  32|           1|          32|
    |select_ln129_2_fu_4031_p3  |  select  |      0|  0|  32|           1|          32|
    |select_ln129_3_fu_4132_p3  |  select  |      0|  0|  32|           1|          32|
    |select_ln129_fu_3678_p3    |  select  |      0|  0|  32|           1|          32|
    +---------------------------+----------+-------+---+----+------------+------------+
    |Total                      |          |      0|  0|1924|        1189|        1220|
    +---------------------------+----------+-------+---+----+------------+------------+

    * Multiplexer: 
    +------------------------------------+-----+-----------+-----+-----------+
    |                Name                | LUT | Input Size| Bits| Total Bits|
    +------------------------------------+-----+-----------+-----+-----------+
    |ap_NS_fsm                           |  113|         24|    1|         24|
    |ap_phi_mux_tail_3_3_phi_fu_2694_p4  |    9|          2|   32|         64|
    |buf_r_address0                      |  109|         23|   12|        276|
    |buf_r_address1                      |  109|         23|   12|        276|
    |buf_r_d0                            |   59|         14|   32|        448|
    |buf_r_d1                            |   89|         18|   32|        576|
    |grp_fu_2712_p1                      |   15|          3|    8|         24|
    |grp_fu_2712_p10                     |   15|          3|    8|         24|
    |grp_fu_2712_p100                    |   15|          3|    8|         24|
    |grp_fu_2712_p101                    |   15|          3|    8|         24|
    |grp_fu_2712_p102                    |   15|          3|    8|         24|
    |grp_fu_2712_p103                    |   15|          3|    8|         24|
    |grp_fu_2712_p104                    |   15|          3|    8|         24|
    |grp_fu_2712_p105                    |   15|          3|    8|         24|
    |grp_fu_2712_p106                    |   15|          3|    8|         24|
    |grp_fu_2712_p107                    |   15|          3|    8|         24|
    |grp_fu_2712_p108                    |   15|          3|    8|         24|
    |grp_fu_2712_p109                    |   15|          3|    8|         24|
    |grp_fu_2712_p11                     |   15|          3|    8|         24|
    |grp_fu_2712_p110                    |   15|          3|    8|         24|
    |grp_fu_2712_p111                    |   15|          3|    8|         24|
    |grp_fu_2712_p112                    |   15|          3|    8|         24|
    |grp_fu_2712_p113                    |   15|          3|    8|         24|
    |grp_fu_2712_p114                    |   15|          3|    8|         24|
    |grp_fu_2712_p115                    |   15|          3|    8|         24|
    |grp_fu_2712_p116                    |   15|          3|    8|         24|
    |grp_fu_2712_p117                    |   15|          3|    8|         24|
    |grp_fu_2712_p118                    |   15|          3|    8|         24|
    |grp_fu_2712_p119                    |   15|          3|    8|         24|
    |grp_fu_2712_p12                     |   15|          3|    8|         24|
    |grp_fu_2712_p120                    |   15|          3|    8|         24|
    |grp_fu_2712_p121                    |   15|          3|    8|         24|
    |grp_fu_2712_p122                    |   15|          3|    8|         24|
    |grp_fu_2712_p123                    |   15|          3|    8|         24|
    |grp_fu_2712_p124                    |   15|          3|    8|         24|
    |grp_fu_2712_p125                    |   15|          3|    8|         24|
    |grp_fu_2712_p126                    |   15|          3|    8|         24|
    |grp_fu_2712_p127                    |   15|          3|    8|         24|
    |grp_fu_2712_p128                    |   15|          3|    8|         24|
    |grp_fu_2712_p129                    |   15|          3|    8|         24|
    |grp_fu_2712_p13                     |   15|          3|    8|         24|
    |grp_fu_2712_p130                    |   15|          3|    8|         24|
    |grp_fu_2712_p131                    |   15|          3|    8|         24|
    |grp_fu_2712_p132                    |   15|          3|    8|         24|
    |grp_fu_2712_p133                    |   15|          3|    8|         24|
    |grp_fu_2712_p134                    |   15|          3|    8|         24|
    |grp_fu_2712_p135                    |   15|          3|    8|         24|
    |grp_fu_2712_p136                    |   15|          3|    8|         24|
    |grp_fu_2712_p137                    |   15|          3|    8|         24|
    |grp_fu_2712_p138                    |   15|          3|    8|         24|
    |grp_fu_2712_p139                    |   15|          3|    8|         24|
    |grp_fu_2712_p14                     |   15|          3|    8|         24|
    |grp_fu_2712_p140                    |   15|          3|    8|         24|
    |grp_fu_2712_p141                    |   15|          3|    8|         24|
    |grp_fu_2712_p142                    |   15|          3|    8|         24|
    |grp_fu_2712_p143                    |   15|          3|    8|         24|
    |grp_fu_2712_p144                    |   15|          3|    8|         24|
    |grp_fu_2712_p145                    |   15|          3|    8|         24|
    |grp_fu_2712_p146                    |   15|          3|    8|         24|
    |grp_fu_2712_p147                    |   15|          3|    8|         24|
    |grp_fu_2712_p148                    |   15|          3|    8|         24|
    |grp_fu_2712_p149                    |   15|          3|    8|         24|
    |grp_fu_2712_p15                     |   15|          3|    8|         24|
    |grp_fu_2712_p150                    |   15|          3|    8|         24|
    |grp_fu_2712_p151                    |   15|          3|    8|         24|
    |grp_fu_2712_p152                    |   15|          3|    8|         24|
    |grp_fu_2712_p153                    |   15|          3|    8|         24|
    |grp_fu_2712_p154                    |   15|          3|    8|         24|
    |grp_fu_2712_p155                    |   15|          3|    8|         24|
    |grp_fu_2712_p156                    |   15|          3|    8|         24|
    |grp_fu_2712_p157                    |   15|          3|    8|         24|
    |grp_fu_2712_p158                    |   15|          3|    8|         24|
    |grp_fu_2712_p159                    |   15|          3|    8|         24|
    |grp_fu_2712_p16                     |   15|          3|    8|         24|
    |grp_fu_2712_p160                    |   15|          3|    8|         24|
    |grp_fu_2712_p161                    |   15|          3|    8|         24|
    |grp_fu_2712_p162                    |   15|          3|    8|         24|
    |grp_fu_2712_p163                    |   15|          3|    8|         24|
    |grp_fu_2712_p164                    |   15|          3|    8|         24|
    |grp_fu_2712_p165                    |   15|          3|    8|         24|
    |grp_fu_2712_p166                    |   15|          3|    8|         24|
    |grp_fu_2712_p167                    |   15|          3|    8|         24|
    |grp_fu_2712_p168                    |   15|          3|    8|         24|
    |grp_fu_2712_p169                    |   15|          3|    8|         24|
    |grp_fu_2712_p17                     |   15|          3|    8|         24|
    |grp_fu_2712_p170                    |   15|          3|    8|         24|
    |grp_fu_2712_p171                    |   15|          3|    8|         24|
    |grp_fu_2712_p172                    |   15|          3|    8|         24|
    |grp_fu_2712_p173                    |   15|          3|    8|         24|
    |grp_fu_2712_p174                    |   15|          3|    8|         24|
    |grp_fu_2712_p175                    |   15|          3|    8|         24|
    |grp_fu_2712_p176                    |   15|          3|    8|         24|
    |grp_fu_2712_p177                    |   15|          3|    8|         24|
    |grp_fu_2712_p178                    |   15|          3|    8|         24|
    |grp_fu_2712_p179                    |   15|          3|    8|         24|
    |grp_fu_2712_p18                     |   15|          3|    8|         24|
    |grp_fu_2712_p180                    |   15|          3|    8|         24|
    |grp_fu_2712_p181                    |   15|          3|    8|         24|
    |grp_fu_2712_p182                    |   15|          3|    8|         24|
    |grp_fu_2712_p183                    |   15|          3|    8|         24|
    |grp_fu_2712_p184                    |   15|          3|    8|         24|
    |grp_fu_2712_p185                    |   15|          3|    8|         24|
    |grp_fu_2712_p186                    |   15|          3|    8|         24|
    |grp_fu_2712_p187                    |   15|          3|    8|         24|
    |grp_fu_2712_p188                    |   15|          3|    8|         24|
    |grp_fu_2712_p189                    |   15|          3|    8|         24|
    |grp_fu_2712_p19                     |   15|          3|    8|         24|
    |grp_fu_2712_p190                    |   15|          3|    8|         24|
    |grp_fu_2712_p191                    |   15|          3|    8|         24|
    |grp_fu_2712_p192                    |   15|          3|    8|         24|
    |grp_fu_2712_p193                    |   15|          3|    8|         24|
    |grp_fu_2712_p194                    |   15|          3|    8|         24|
    |grp_fu_2712_p195                    |   15|          3|    8|         24|
    |grp_fu_2712_p196                    |   15|          3|    8|         24|
    |grp_fu_2712_p197                    |   15|          3|    8|         24|
    |grp_fu_2712_p198                    |   15|          3|    8|         24|
    |grp_fu_2712_p199                    |   15|          3|    8|         24|
    |grp_fu_2712_p2                      |   15|          3|    8|         24|
    |grp_fu_2712_p20                     |   15|          3|    8|         24|
    |grp_fu_2712_p200                    |   15|          3|    8|         24|
    |grp_fu_2712_p201                    |   15|          3|    8|         24|
    |grp_fu_2712_p202                    |   15|          3|    8|         24|
    |grp_fu_2712_p203                    |   15|          3|    8|         24|
    |grp_fu_2712_p204                    |   15|          3|    8|         24|
    |grp_fu_2712_p205                    |   15|          3|    8|         24|
    |grp_fu_2712_p206                    |   15|          3|    8|         24|
    |grp_fu_2712_p207                    |   15|          3|    8|         24|
    |grp_fu_2712_p208                    |   15|          3|    8|         24|
    |grp_fu_2712_p209                    |   15|          3|    8|         24|
    |grp_fu_2712_p21                     |   15|          3|    8|         24|
    |grp_fu_2712_p210                    |   15|          3|    8|         24|
    |grp_fu_2712_p211                    |   15|          3|    8|         24|
    |grp_fu_2712_p212                    |   15|          3|    8|         24|
    |grp_fu_2712_p213                    |   15|          3|    8|         24|
    |grp_fu_2712_p214                    |   15|          3|    8|         24|
    |grp_fu_2712_p215                    |   15|          3|    8|         24|
    |grp_fu_2712_p216                    |   15|          3|    8|         24|
    |grp_fu_2712_p217                    |   15|          3|    8|         24|
    |grp_fu_2712_p218                    |   15|          3|    8|         24|
    |grp_fu_2712_p219                    |   15|          3|    8|         24|
    |grp_fu_2712_p22                     |   15|          3|    8|         24|
    |grp_fu_2712_p220                    |   15|          3|    8|         24|
    |grp_fu_2712_p221                    |   15|          3|    8|         24|
    |grp_fu_2712_p222                    |   15|          3|    8|         24|
    |grp_fu_2712_p223                    |   15|          3|    8|         24|
    |grp_fu_2712_p224                    |   15|          3|    8|         24|
    |grp_fu_2712_p225                    |   15|          3|    8|         24|
    |grp_fu_2712_p226                    |   15|          3|    8|         24|
    |grp_fu_2712_p227                    |   15|          3|    8|         24|
    |grp_fu_2712_p228                    |   15|          3|    8|         24|
    |grp_fu_2712_p229                    |   15|          3|    8|         24|
    |grp_fu_2712_p23                     |   15|          3|    8|         24|
    |grp_fu_2712_p230                    |   15|          3|    8|         24|
    |grp_fu_2712_p231                    |   15|          3|    8|         24|
    |grp_fu_2712_p232                    |   15|          3|    8|         24|
    |grp_fu_2712_p233                    |   15|          3|    8|         24|
    |grp_fu_2712_p234                    |   15|          3|    8|         24|
    |grp_fu_2712_p235                    |   15|          3|    8|         24|
    |grp_fu_2712_p236                    |   15|          3|    8|         24|
    |grp_fu_2712_p237                    |   15|          3|    8|         24|
    |grp_fu_2712_p238                    |   15|          3|    8|         24|
    |grp_fu_2712_p239                    |   15|          3|    8|         24|
    |grp_fu_2712_p24                     |   15|          3|    8|         24|
    |grp_fu_2712_p240                    |   15|          3|    8|         24|
    |grp_fu_2712_p241                    |   15|          3|    8|         24|
    |grp_fu_2712_p242                    |   15|          3|    8|         24|
    |grp_fu_2712_p243                    |   15|          3|    8|         24|
    |grp_fu_2712_p244                    |   15|          3|    8|         24|
    |grp_fu_2712_p245                    |   15|          3|    8|         24|
    |grp_fu_2712_p246                    |   15|          3|    8|         24|
    |grp_fu_2712_p247                    |   15|          3|    8|         24|
    |grp_fu_2712_p248                    |   15|          3|    8|         24|
    |grp_fu_2712_p249                    |   15|          3|    8|         24|
    |grp_fu_2712_p25                     |   15|          3|    8|         24|
    |grp_fu_2712_p250                    |   15|          3|    8|         24|
    |grp_fu_2712_p251                    |   15|          3|    8|         24|
    |grp_fu_2712_p252                    |   15|          3|    8|         24|
    |grp_fu_2712_p253                    |   15|          3|    8|         24|
    |grp_fu_2712_p254                    |   15|          3|    8|         24|
    |grp_fu_2712_p255                    |   15|          3|    8|         24|
    |grp_fu_2712_p256                    |   15|          3|    8|         24|
    |grp_fu_2712_p257                    |   15|          3|    8|         24|
    |grp_fu_2712_p26                     |   15|          3|    8|         24|
    |grp_fu_2712_p27                     |   15|          3|    8|         24|
    |grp_fu_2712_p28                     |   15|          3|    8|         24|
    |grp_fu_2712_p29                     |   15|          3|    8|         24|
    |grp_fu_2712_p3                      |   15|          3|    8|         24|
    |grp_fu_2712_p30                     |   15|          3|    8|         24|
    |grp_fu_2712_p31                     |   15|          3|    8|         24|
    |grp_fu_2712_p32                     |   15|          3|    8|         24|
    |grp_fu_2712_p33                     |   15|          3|    8|         24|
    |grp_fu_2712_p34                     |   15|          3|    8|         24|
    |grp_fu_2712_p35                     |   15|          3|    8|         24|
    |grp_fu_2712_p36                     |   15|          3|    8|         24|
    |grp_fu_2712_p37                     |   15|          3|    8|         24|
    |grp_fu_2712_p38                     |   15|          3|    8|         24|
    |grp_fu_2712_p39                     |   15|          3|    8|         24|
    |grp_fu_2712_p4                      |   15|          3|    8|         24|
    |grp_fu_2712_p40                     |   15|          3|    8|         24|
    |grp_fu_2712_p41                     |   15|          3|    8|         24|
    |grp_fu_2712_p42                     |   15|          3|    8|         24|
    |grp_fu_2712_p43                     |   15|          3|    8|         24|
    |grp_fu_2712_p44                     |   15|          3|    8|         24|
    |grp_fu_2712_p45                     |   15|          3|    8|         24|
    |grp_fu_2712_p46                     |   15|          3|    8|         24|
    |grp_fu_2712_p47                     |   15|          3|    8|         24|
    |grp_fu_2712_p48                     |   15|          3|    8|         24|
    |grp_fu_2712_p49                     |   15|          3|    8|         24|
    |grp_fu_2712_p5                      |   15|          3|    8|         24|
    |grp_fu_2712_p50                     |   15|          3|    8|         24|
    |grp_fu_2712_p51                     |   15|          3|    8|         24|
    |grp_fu_2712_p52                     |   15|          3|    8|         24|
    |grp_fu_2712_p53                     |   15|          3|    8|         24|
    |grp_fu_2712_p54                     |   15|          3|    8|         24|
    |grp_fu_2712_p55                     |   15|          3|    8|         24|
    |grp_fu_2712_p56                     |   15|          3|    8|         24|
    |grp_fu_2712_p57                     |   15|          3|    8|         24|
    |grp_fu_2712_p58                     |   15|          3|    8|         24|
    |grp_fu_2712_p59                     |   15|          3|    8|         24|
    |grp_fu_2712_p6                      |   15|          3|    8|         24|
    |grp_fu_2712_p60                     |   15|          3|    8|         24|
    |grp_fu_2712_p61                     |   15|          3|    8|         24|
    |grp_fu_2712_p62                     |   15|          3|    8|         24|
    |grp_fu_2712_p63                     |   15|          3|    8|         24|
    |grp_fu_2712_p64                     |   15|          3|    8|         24|
    |grp_fu_2712_p65                     |   15|          3|    8|         24|
    |grp_fu_2712_p66                     |   15|          3|    8|         24|
    |grp_fu_2712_p67                     |   15|          3|    8|         24|
    |grp_fu_2712_p68                     |   15|          3|    8|         24|
    |grp_fu_2712_p69                     |   15|          3|    8|         24|
    |grp_fu_2712_p7                      |   15|          3|    8|         24|
    |grp_fu_2712_p70                     |   15|          3|    8|         24|
    |grp_fu_2712_p71                     |   15|          3|    8|         24|
    |grp_fu_2712_p72                     |   15|          3|    8|         24|
    |grp_fu_2712_p73                     |   15|          3|    8|         24|
    |grp_fu_2712_p74                     |   15|          3|    8|         24|
    |grp_fu_2712_p75                     |   15|          3|    8|         24|
    |grp_fu_2712_p76                     |   15|          3|    8|         24|
    |grp_fu_2712_p77                     |   15|          3|    8|         24|
    |grp_fu_2712_p78                     |   15|          3|    8|         24|
    |grp_fu_2712_p79                     |   15|          3|    8|         24|
    |grp_fu_2712_p8                      |   15|          3|    8|         24|
    |grp_fu_2712_p80                     |   15|          3|    8|         24|
    |grp_fu_2712_p81                     |   15|          3|    8|         24|
    |grp_fu_2712_p82                     |   15|          3|    8|         24|
    |grp_fu_2712_p83                     |   15|          3|    8|         24|
    |grp_fu_2712_p84                     |   15|          3|    8|         24|
    |grp_fu_2712_p85                     |   15|          3|    8|         24|
    |grp_fu_2712_p86                     |   15|          3|    8|         24|
    |grp_fu_2712_p87                     |   15|          3|    8|         24|
    |grp_fu_2712_p88                     |   15|          3|    8|         24|
    |grp_fu_2712_p89                     |   15|          3|    8|         24|
    |grp_fu_2712_p9                      |   15|          3|    8|         24|
    |grp_fu_2712_p90                     |   15|          3|    8|         24|
    |grp_fu_2712_p91                     |   15|          3|    8|         24|
    |grp_fu_2712_p92                     |   15|          3|    8|         24|
    |grp_fu_2712_p93                     |   15|          3|    8|         24|
    |grp_fu_2712_p94                     |   15|          3|    8|         24|
    |grp_fu_2712_p95                     |   15|          3|    8|         24|
    |grp_fu_2712_p96                     |   15|          3|    8|         24|
    |grp_fu_2712_p97                     |   15|          3|    8|         24|
    |grp_fu_2712_p98                     |   15|          3|    8|         24|
    |grp_fu_2712_p99                     |   15|          3|    8|         24|
    |head_0_reg_2648                     |    9|          2|   32|         64|
    |occ_address0                        |   27|          5|   12|         60|
    |occ_address1                        |   27|          5|   12|         60|
    |res_sa_itv_address0                 |   15|          3|   11|         33|
    |res_sz_1_fu_606                     |    9|          2|   32|         64|
    |tail_1_fu_610                       |    9|          2|   32|         64|
    |tail_3_0_reg_2659                   |    9|          2|   32|         64|
    |tail_3_1_reg_2669                   |    9|          2|   32|         64|
    |tail_3_2_reg_2680                   |    9|          2|   32|         64|
    |tail_3_3_reg_2691                   |    9|          2|   32|         64|
    +------------------------------------+-----+-----------+-----+-----------+
    |Total                               | 4475|        902| 2436|       8433|
    +------------------------------------+-----+-----------+-----+-----------+

    * Register: 
    +----------------------------+----+----+-----+-----------+
    |            Name            | FF | LUT| Bits| Const Bits|
    +----------------------------+----+----+-----+-----------+
    |add_ln108_1_reg_4434        |  32|   0|   32|          0|
    |add_ln108_3_reg_5766        |  32|   0|   32|          0|
    |add_ln108_5_reg_5783        |  32|   0|   32|          0|
    |add_ln108_7_reg_5796        |  32|   0|   32|          0|
    |add_ln116_1_reg_5812        |  32|   0|   32|          0|
    |add_ln116_2_reg_5842        |  32|   0|   32|          0|
    |add_ln116_reg_5734          |  32|   0|   32|          0|
    |add_ln91_reg_4354           |  32|   0|   32|          0|
    |add_ln92_reg_4360           |  32|   0|   32|          0|
    |ap_CS_fsm                   |  23|   0|   23|          0|
    |head_0_reg_2648             |  32|   0|   32|          0|
    |head_reg_4262               |  32|   0|   32|          0|
    |i_reg_4293                  |  32|   0|   32|          0|
    |icmp_ln104_reg_4397         |   1|   0|    1|          0|
    |icmp_ln110_1_reg_5772       |   1|   0|    1|          0|
    |icmp_ln110_2_reg_5828       |   1|   0|    1|          0|
    |icmp_ln110_3_reg_5858       |   1|   0|    1|          0|
    |icmp_ln110_reg_4440         |   1|   0|    1|          0|
    |icmp_ln35_1_reg_5807        |   1|   0|    1|          0|
    |icmp_ln35_2_reg_5837        |   1|   0|    1|          0|
    |icmp_ln35_reg_5729          |   1|   0|    1|          0|
    |icmp_ln69_reg_4258          |   1|   0|    1|          0|
    |k_reg_4300                  |  32|   0|   32|          0|
    |l_reg_4325                  |  32|   0|   32|          0|
    |occ_addr_6_reg_4409         |  10|   0|   12|          2|
    |occ_addr_7_reg_4419         |  10|   0|   12|          2|
    |occ_load_2_reg_5750         |  32|   0|   32|          0|
    |occ_load_6_reg_5755         |  32|   0|   32|          0|
    |read_0_read_reg_4444        |   8|   0|    8|          0|
    |read_100_read_reg_4944      |   8|   0|    8|          0|
    |read_101_read_reg_4949      |   8|   0|    8|          0|
    |read_102_read_reg_4954      |   8|   0|    8|          0|
    |read_103_read_reg_4959      |   8|   0|    8|          0|
    |read_104_read_reg_4964      |   8|   0|    8|          0|
    |read_105_read_reg_4969      |   8|   0|    8|          0|
    |read_106_read_reg_4974      |   8|   0|    8|          0|
    |read_107_read_reg_4979      |   8|   0|    8|          0|
    |read_108_read_reg_4984      |   8|   0|    8|          0|
    |read_109_read_reg_4989      |   8|   0|    8|          0|
    |read_10_read_reg_4494       |   8|   0|    8|          0|
    |read_110_read_reg_4994      |   8|   0|    8|          0|
    |read_111_read_reg_4999      |   8|   0|    8|          0|
    |read_112_read_reg_5004      |   8|   0|    8|          0|
    |read_113_read_reg_5009      |   8|   0|    8|          0|
    |read_114_read_reg_5014      |   8|   0|    8|          0|
    |read_115_read_reg_5019      |   8|   0|    8|          0|
    |read_116_read_reg_5024      |   8|   0|    8|          0|
    |read_117_read_reg_5029      |   8|   0|    8|          0|
    |read_118_read_reg_5034      |   8|   0|    8|          0|
    |read_119_read_reg_5039      |   8|   0|    8|          0|
    |read_11_read_reg_4499       |   8|   0|    8|          0|
    |read_120_read_reg_5044      |   8|   0|    8|          0|
    |read_121_read_reg_5049      |   8|   0|    8|          0|
    |read_122_read_reg_5054      |   8|   0|    8|          0|
    |read_123_read_reg_5059      |   8|   0|    8|          0|
    |read_124_read_reg_5064      |   8|   0|    8|          0|
    |read_125_read_reg_5069      |   8|   0|    8|          0|
    |read_126_read_reg_5074      |   8|   0|    8|          0|
    |read_127_read_reg_5079      |   8|   0|    8|          0|
    |read_128_read_reg_5084      |   8|   0|    8|          0|
    |read_129_read_reg_5089      |   8|   0|    8|          0|
    |read_12_read_reg_4504       |   8|   0|    8|          0|
    |read_130_read_reg_5094      |   8|   0|    8|          0|
    |read_131_read_reg_5099      |   8|   0|    8|          0|
    |read_132_read_reg_5104      |   8|   0|    8|          0|
    |read_133_read_reg_5109      |   8|   0|    8|          0|
    |read_134_read_reg_5114      |   8|   0|    8|          0|
    |read_135_read_reg_5119      |   8|   0|    8|          0|
    |read_136_read_reg_5124      |   8|   0|    8|          0|
    |read_137_read_reg_5129      |   8|   0|    8|          0|
    |read_138_read_reg_5134      |   8|   0|    8|          0|
    |read_139_read_reg_5139      |   8|   0|    8|          0|
    |read_13_read_reg_4509       |   8|   0|    8|          0|
    |read_140_read_reg_5144      |   8|   0|    8|          0|
    |read_141_read_reg_5149      |   8|   0|    8|          0|
    |read_142_read_reg_5154      |   8|   0|    8|          0|
    |read_143_read_reg_5159      |   8|   0|    8|          0|
    |read_144_read_reg_5164      |   8|   0|    8|          0|
    |read_145_read_reg_5169      |   8|   0|    8|          0|
    |read_146_read_reg_5174      |   8|   0|    8|          0|
    |read_147_read_reg_5179      |   8|   0|    8|          0|
    |read_148_read_reg_5184      |   8|   0|    8|          0|
    |read_149_read_reg_5189      |   8|   0|    8|          0|
    |read_14_read_reg_4514       |   8|   0|    8|          0|
    |read_150_read_reg_5194      |   8|   0|    8|          0|
    |read_151_read_reg_5199      |   8|   0|    8|          0|
    |read_152_read_reg_5204      |   8|   0|    8|          0|
    |read_153_read_reg_5209      |   8|   0|    8|          0|
    |read_154_read_reg_5214      |   8|   0|    8|          0|
    |read_155_read_reg_5219      |   8|   0|    8|          0|
    |read_156_read_reg_5224      |   8|   0|    8|          0|
    |read_157_read_reg_5229      |   8|   0|    8|          0|
    |read_158_read_reg_5234      |   8|   0|    8|          0|
    |read_159_read_reg_5239      |   8|   0|    8|          0|
    |read_15_read_reg_4519       |   8|   0|    8|          0|
    |read_160_read_reg_5244      |   8|   0|    8|          0|
    |read_161_read_reg_5249      |   8|   0|    8|          0|
    |read_162_read_reg_5254      |   8|   0|    8|          0|
    |read_163_read_reg_5259      |   8|   0|    8|          0|
    |read_164_read_reg_5264      |   8|   0|    8|          0|
    |read_165_read_reg_5269      |   8|   0|    8|          0|
    |read_166_read_reg_5274      |   8|   0|    8|          0|
    |read_167_read_reg_5279      |   8|   0|    8|          0|
    |read_168_read_reg_5284      |   8|   0|    8|          0|
    |read_169_read_reg_5289      |   8|   0|    8|          0|
    |read_16_read_reg_4524       |   8|   0|    8|          0|
    |read_170_read_reg_5294      |   8|   0|    8|          0|
    |read_171_read_reg_5299      |   8|   0|    8|          0|
    |read_172_read_reg_5304      |   8|   0|    8|          0|
    |read_173_read_reg_5309      |   8|   0|    8|          0|
    |read_174_read_reg_5314      |   8|   0|    8|          0|
    |read_175_read_reg_5319      |   8|   0|    8|          0|
    |read_176_read_reg_5324      |   8|   0|    8|          0|
    |read_177_read_reg_5329      |   8|   0|    8|          0|
    |read_178_read_reg_5334      |   8|   0|    8|          0|
    |read_179_read_reg_5339      |   8|   0|    8|          0|
    |read_17_read_reg_4529       |   8|   0|    8|          0|
    |read_180_read_reg_5344      |   8|   0|    8|          0|
    |read_181_read_reg_5349      |   8|   0|    8|          0|
    |read_182_read_reg_5354      |   8|   0|    8|          0|
    |read_183_read_reg_5359      |   8|   0|    8|          0|
    |read_184_read_reg_5364      |   8|   0|    8|          0|
    |read_185_read_reg_5369      |   8|   0|    8|          0|
    |read_186_read_reg_5374      |   8|   0|    8|          0|
    |read_187_read_reg_5379      |   8|   0|    8|          0|
    |read_188_read_reg_5384      |   8|   0|    8|          0|
    |read_189_read_reg_5389      |   8|   0|    8|          0|
    |read_18_read_reg_4534       |   8|   0|    8|          0|
    |read_190_read_reg_5394      |   8|   0|    8|          0|
    |read_191_read_reg_5399      |   8|   0|    8|          0|
    |read_192_read_reg_5404      |   8|   0|    8|          0|
    |read_193_read_reg_5409      |   8|   0|    8|          0|
    |read_194_read_reg_5414      |   8|   0|    8|          0|
    |read_195_read_reg_5419      |   8|   0|    8|          0|
    |read_196_read_reg_5424      |   8|   0|    8|          0|
    |read_197_read_reg_5429      |   8|   0|    8|          0|
    |read_198_read_reg_5434      |   8|   0|    8|          0|
    |read_199_read_reg_5439      |   8|   0|    8|          0|
    |read_19_read_reg_4539       |   8|   0|    8|          0|
    |read_1_read_reg_4449        |   8|   0|    8|          0|
    |read_200_read_reg_5444      |   8|   0|    8|          0|
    |read_201_read_reg_5449      |   8|   0|    8|          0|
    |read_202_read_reg_5454      |   8|   0|    8|          0|
    |read_203_read_reg_5459      |   8|   0|    8|          0|
    |read_204_read_reg_5464      |   8|   0|    8|          0|
    |read_205_read_reg_5469      |   8|   0|    8|          0|
    |read_206_read_reg_5474      |   8|   0|    8|          0|
    |read_207_read_reg_5479      |   8|   0|    8|          0|
    |read_208_read_reg_5484      |   8|   0|    8|          0|
    |read_209_read_reg_5489      |   8|   0|    8|          0|
    |read_20_read_reg_4544       |   8|   0|    8|          0|
    |read_210_read_reg_5494      |   8|   0|    8|          0|
    |read_211_read_reg_5499      |   8|   0|    8|          0|
    |read_212_read_reg_5504      |   8|   0|    8|          0|
    |read_213_read_reg_5509      |   8|   0|    8|          0|
    |read_214_read_reg_5514      |   8|   0|    8|          0|
    |read_215_read_reg_5519      |   8|   0|    8|          0|
    |read_216_read_reg_5524      |   8|   0|    8|          0|
    |read_217_read_reg_5529      |   8|   0|    8|          0|
    |read_218_read_reg_5534      |   8|   0|    8|          0|
    |read_219_read_reg_5539      |   8|   0|    8|          0|
    |read_21_read_reg_4549       |   8|   0|    8|          0|
    |read_220_read_reg_5544      |   8|   0|    8|          0|
    |read_221_read_reg_5549      |   8|   0|    8|          0|
    |read_222_read_reg_5554      |   8|   0|    8|          0|
    |read_223_read_reg_5559      |   8|   0|    8|          0|
    |read_224_read_reg_5564      |   8|   0|    8|          0|
    |read_225_read_reg_5569      |   8|   0|    8|          0|
    |read_226_read_reg_5574      |   8|   0|    8|          0|
    |read_227_read_reg_5579      |   8|   0|    8|          0|
    |read_228_read_reg_5584      |   8|   0|    8|          0|
    |read_229_read_reg_5589      |   8|   0|    8|          0|
    |read_22_read_reg_4554       |   8|   0|    8|          0|
    |read_230_read_reg_5594      |   8|   0|    8|          0|
    |read_231_read_reg_5599      |   8|   0|    8|          0|
    |read_232_read_reg_5604      |   8|   0|    8|          0|
    |read_233_read_reg_5609      |   8|   0|    8|          0|
    |read_234_read_reg_5614      |   8|   0|    8|          0|
    |read_235_read_reg_5619      |   8|   0|    8|          0|
    |read_236_read_reg_5624      |   8|   0|    8|          0|
    |read_237_read_reg_5629      |   8|   0|    8|          0|
    |read_238_read_reg_5634      |   8|   0|    8|          0|
    |read_239_read_reg_5639      |   8|   0|    8|          0|
    |read_23_read_reg_4559       |   8|   0|    8|          0|
    |read_240_read_reg_5644      |   8|   0|    8|          0|
    |read_241_read_reg_5649      |   8|   0|    8|          0|
    |read_242_read_reg_5654      |   8|   0|    8|          0|
    |read_243_read_reg_5659      |   8|   0|    8|          0|
    |read_244_read_reg_5664      |   8|   0|    8|          0|
    |read_245_read_reg_5669      |   8|   0|    8|          0|
    |read_246_read_reg_5674      |   8|   0|    8|          0|
    |read_247_read_reg_5679      |   8|   0|    8|          0|
    |read_248_read_reg_5684      |   8|   0|    8|          0|
    |read_249_read_reg_5689      |   8|   0|    8|          0|
    |read_24_read_reg_4564       |   8|   0|    8|          0|
    |read_250_read_reg_5694      |   8|   0|    8|          0|
    |read_251_read_reg_5699      |   8|   0|    8|          0|
    |read_252_read_reg_5704      |   8|   0|    8|          0|
    |read_253_read_reg_5709      |   8|   0|    8|          0|
    |read_254_read_reg_5714      |   8|   0|    8|          0|
    |read_255_read_reg_5719      |   8|   0|    8|          0|
    |read_25_read_reg_4569       |   8|   0|    8|          0|
    |read_26_read_reg_4574       |   8|   0|    8|          0|
    |read_27_read_reg_4579       |   8|   0|    8|          0|
    |read_28_read_reg_4584       |   8|   0|    8|          0|
    |read_29_read_reg_4589       |   8|   0|    8|          0|
    |read_2_read_reg_4454        |   8|   0|    8|          0|
    |read_30_read_reg_4594       |   8|   0|    8|          0|
    |read_31_read_reg_4599       |   8|   0|    8|          0|
    |read_32_read_reg_4604       |   8|   0|    8|          0|
    |read_33_read_reg_4609       |   8|   0|    8|          0|
    |read_34_read_reg_4614       |   8|   0|    8|          0|
    |read_35_read_reg_4619       |   8|   0|    8|          0|
    |read_36_read_reg_4624       |   8|   0|    8|          0|
    |read_37_read_reg_4629       |   8|   0|    8|          0|
    |read_38_read_reg_4634       |   8|   0|    8|          0|
    |read_39_read_reg_4639       |   8|   0|    8|          0|
    |read_3_read_reg_4459        |   8|   0|    8|          0|
    |read_40_read_reg_4644       |   8|   0|    8|          0|
    |read_41_read_reg_4649       |   8|   0|    8|          0|
    |read_42_read_reg_4654       |   8|   0|    8|          0|
    |read_43_read_reg_4659       |   8|   0|    8|          0|
    |read_44_read_reg_4664       |   8|   0|    8|          0|
    |read_45_read_reg_4669       |   8|   0|    8|          0|
    |read_46_read_reg_4674       |   8|   0|    8|          0|
    |read_47_read_reg_4679       |   8|   0|    8|          0|
    |read_48_read_reg_4684       |   8|   0|    8|          0|
    |read_49_read_reg_4689       |   8|   0|    8|          0|
    |read_4_read_reg_4464        |   8|   0|    8|          0|
    |read_50_read_reg_4694       |   8|   0|    8|          0|
    |read_51_read_reg_4699       |   8|   0|    8|          0|
    |read_52_read_reg_4704       |   8|   0|    8|          0|
    |read_53_read_reg_4709       |   8|   0|    8|          0|
    |read_54_read_reg_4714       |   8|   0|    8|          0|
    |read_55_read_reg_4719       |   8|   0|    8|          0|
    |read_56_read_reg_4724       |   8|   0|    8|          0|
    |read_57_read_reg_4729       |   8|   0|    8|          0|
    |read_58_read_reg_4734       |   8|   0|    8|          0|
    |read_59_read_reg_4739       |   8|   0|    8|          0|
    |read_5_read_reg_4469        |   8|   0|    8|          0|
    |read_60_read_reg_4744       |   8|   0|    8|          0|
    |read_61_read_reg_4749       |   8|   0|    8|          0|
    |read_62_read_reg_4754       |   8|   0|    8|          0|
    |read_63_read_reg_4759       |   8|   0|    8|          0|
    |read_64_read_reg_4764       |   8|   0|    8|          0|
    |read_65_read_reg_4769       |   8|   0|    8|          0|
    |read_66_read_reg_4774       |   8|   0|    8|          0|
    |read_67_read_reg_4779       |   8|   0|    8|          0|
    |read_68_read_reg_4784       |   8|   0|    8|          0|
    |read_69_read_reg_4789       |   8|   0|    8|          0|
    |read_6_read_reg_4474        |   8|   0|    8|          0|
    |read_70_read_reg_4794       |   8|   0|    8|          0|
    |read_71_read_reg_4799       |   8|   0|    8|          0|
    |read_72_read_reg_4804       |   8|   0|    8|          0|
    |read_73_read_reg_4809       |   8|   0|    8|          0|
    |read_74_read_reg_4814       |   8|   0|    8|          0|
    |read_75_read_reg_4819       |   8|   0|    8|          0|
    |read_76_read_reg_4824       |   8|   0|    8|          0|
    |read_77_read_reg_4829       |   8|   0|    8|          0|
    |read_78_read_reg_4834       |   8|   0|    8|          0|
    |read_79_read_reg_4839       |   8|   0|    8|          0|
    |read_7_read_reg_4479        |   8|   0|    8|          0|
    |read_80_read_reg_4844       |   8|   0|    8|          0|
    |read_81_read_reg_4849       |   8|   0|    8|          0|
    |read_82_read_reg_4854       |   8|   0|    8|          0|
    |read_83_read_reg_4859       |   8|   0|    8|          0|
    |read_84_read_reg_4864       |   8|   0|    8|          0|
    |read_85_read_reg_4869       |   8|   0|    8|          0|
    |read_86_read_reg_4874       |   8|   0|    8|          0|
    |read_87_read_reg_4879       |   8|   0|    8|          0|
    |read_88_read_reg_4884       |   8|   0|    8|          0|
    |read_89_read_reg_4889       |   8|   0|    8|          0|
    |read_8_read_reg_4484        |   8|   0|    8|          0|
    |read_90_read_reg_4894       |   8|   0|    8|          0|
    |read_91_read_reg_4899       |   8|   0|    8|          0|
    |read_92_read_reg_4904       |   8|   0|    8|          0|
    |read_93_read_reg_4909       |   8|   0|    8|          0|
    |read_94_read_reg_4914       |   8|   0|    8|          0|
    |read_95_read_reg_4919       |   8|   0|    8|          0|
    |read_96_read_reg_4924       |   8|   0|    8|          0|
    |read_97_read_reg_4929       |   8|   0|    8|          0|
    |read_98_read_reg_4934       |   8|   0|    8|          0|
    |read_99_read_reg_4939       |   8|   0|    8|          0|
    |read_9_read_reg_4489        |   8|   0|    8|          0|
    |reg_3229                    |  32|   0|   32|          0|
    |reg_3233                    |  32|   0|   32|          0|
    |res_sz_1_fu_606             |  32|   0|   32|          0|
    |select_ln104_1_reg_5760     |  32|   0|   32|          0|
    |select_ln104_2_reg_5776     |  32|   0|   32|          0|
    |select_ln104_3_reg_5789     |  32|   0|   32|          0|
    |select_ln104_reg_4429       |  32|   0|   32|          0|
    |select_ln129_3_reg_5867     |  32|   0|   32|          0|
    |sext_ln105_cast_reg_4369    |  12|   0|   14|          2|
    |sext_ln108_cast_reg_4380    |  12|   0|   14|          2|
    |sext_ln112_1_cast_reg_5802  |  12|   0|   14|          2|
    |sext_ln112_2_cast_reg_5832  |  12|   0|   14|          2|
    |sext_ln112_3_cast_reg_5862  |  12|   0|   14|          2|
    |sext_ln112_cast_reg_5724    |  12|   0|   14|          2|
    |sext_ln124_1_cast_reg_5817  |  12|   0|   14|          2|
    |sext_ln124_2_cast_reg_5847  |  12|   0|   14|          2|
    |sext_ln124_3_cast_reg_5872  |  12|   0|   14|          2|
    |sext_ln124_cast_reg_5739    |  12|   0|   14|          2|
    |sext_ln71_cast_reg_4267     |  12|   0|   14|          2|
    |sext_ln91_cast_reg_4334     |  12|   0|   14|          2|
    |tail_1_fu_610               |  32|   0|   32|          0|
    |tail_1_load_reg_4249        |  32|   0|   32|          0|
    |tail_3_0_reg_2659           |  32|   0|   32|          0|
    |tail_3_1_reg_2669           |  32|   0|   32|          0|
    |tail_3_2_reg_2680           |  32|   0|   32|          0|
    |tail_3_3_reg_2691           |  32|   0|   32|          0|
    |tail_reg_4391               |  32|   0|   32|          0|
    |tmp_14_reg_4307             |   1|   0|    1|          0|
    |tmp_15_reg_4330             |   1|   0|    1|          0|
    |trunc_ln105_reg_4339        |  12|   0|   12|          0|
    |trunc_ln120_reg_4424        |   8|   0|    8|          0|
    |trunc_ln78_reg_4311         |  12|   0|   12|          0|
    |z_reg_4316                  |  32|   0|   32|          0|
    +----------------------------+----+----+-----+-----------+
    |Total                       |3302|   0| 3330|         28|
    +----------------------------+----+----+-----+-----------+



================================================================
== Interface
================================================================
* Summary: 
+---------------------+-----+-----+------------+--------------+--------------+
|      RTL Ports      | Dir | Bits|  Protocol  | Source Object|    C Type    |
+---------------------+-----+-----+------------+--------------+--------------+
|ap_clk               |  in |    1| ap_ctrl_hs |   bwa_align  | return value |
|ap_rst               |  in |    1| ap_ctrl_hs |   bwa_align  | return value |
|ap_start             |  in |    1| ap_ctrl_hs |   bwa_align  | return value |
|ap_done              | out |    1| ap_ctrl_hs |   bwa_align  | return value |
|ap_idle              | out |    1| ap_ctrl_hs |   bwa_align  | return value |
|ap_ready             | out |    1| ap_ctrl_hs |   bwa_align  | return value |
|ap_return            | out |   32| ap_ctrl_hs |   bwa_align  | return value |
|res_sa_itv_address0  | out |   11|  ap_memory |  res_sa_itv  |     array    |
|res_sa_itv_ce0       | out |    1|  ap_memory |  res_sa_itv  |     array    |
|res_sa_itv_we0       | out |    1|  ap_memory |  res_sa_itv  |     array    |
|res_sa_itv_d0        | out |   32|  ap_memory |  res_sa_itv  |     array    |
|buf_r_address0       | out |   12|  ap_memory |     buf_r    |     array    |
|buf_r_ce0            | out |    1|  ap_memory |     buf_r    |     array    |
|buf_r_we0            | out |    1|  ap_memory |     buf_r    |     array    |
|buf_r_d0             | out |   32|  ap_memory |     buf_r    |     array    |
|buf_r_q0             |  in |   32|  ap_memory |     buf_r    |     array    |
|buf_r_address1       | out |   12|  ap_memory |     buf_r    |     array    |
|buf_r_ce1            | out |    1|  ap_memory |     buf_r    |     array    |
|buf_r_we1            | out |    1|  ap_memory |     buf_r    |     array    |
|buf_r_d1             | out |   32|  ap_memory |     buf_r    |     array    |
|buf_r_q1             |  in |   32|  ap_memory |     buf_r    |     array    |
|occ_address0         | out |   12|  ap_memory |      occ     |     array    |
|occ_ce0              | out |    1|  ap_memory |      occ     |     array    |
|occ_q0               |  in |   32|  ap_memory |      occ     |     array    |
|occ_address1         | out |   12|  ap_memory |      occ     |     array    |
|occ_ce1              | out |    1|  ap_memory |      occ     |     array    |
|occ_q1               |  in |   32|  ap_memory |      occ     |     array    |
|cum_0                |  in |   32|   ap_none  |     cum_0    |    pointer   |
|cum_1                |  in |   32|   ap_none  |     cum_1    |    pointer   |
|cum_2                |  in |   32|   ap_none  |     cum_2    |    pointer   |
|cum_3                |  in |   32|   ap_none  |     cum_3    |    pointer   |
|refn                 |  in |   32|   ap_none  |     refn     |    scalar    |
|read_0               |  in |    8|   ap_none  |    read_0    |    pointer   |
|read_1               |  in |    8|   ap_none  |    read_1    |    pointer   |
|read_2               |  in |    8|   ap_none  |    read_2    |    pointer   |
|read_3               |  in |    8|   ap_none  |    read_3    |    pointer   |
|read_4               |  in |    8|   ap_none  |    read_4    |    pointer   |
|read_5               |  in |    8|   ap_none  |    read_5    |    pointer   |
|read_6               |  in |    8|   ap_none  |    read_6    |    pointer   |
|read_7               |  in |    8|   ap_none  |    read_7    |    pointer   |
|read_8               |  in |    8|   ap_none  |    read_8    |    pointer   |
|read_9               |  in |    8|   ap_none  |    read_9    |    pointer   |
|read_10              |  in |    8|   ap_none  |    read_10   |    pointer   |
|read_11              |  in |    8|   ap_none  |    read_11   |    pointer   |
|read_12              |  in |    8|   ap_none  |    read_12   |    pointer   |
|read_13              |  in |    8|   ap_none  |    read_13   |    pointer   |
|read_14              |  in |    8|   ap_none  |    read_14   |    pointer   |
|read_15              |  in |    8|   ap_none  |    read_15   |    pointer   |
|read_16              |  in |    8|   ap_none  |    read_16   |    pointer   |
|read_17              |  in |    8|   ap_none  |    read_17   |    pointer   |
|read_18              |  in |    8|   ap_none  |    read_18   |    pointer   |
|read_19              |  in |    8|   ap_none  |    read_19   |    pointer   |
|read_20              |  in |    8|   ap_none  |    read_20   |    pointer   |
|read_21              |  in |    8|   ap_none  |    read_21   |    pointer   |
|read_22              |  in |    8|   ap_none  |    read_22   |    pointer   |
|read_23              |  in |    8|   ap_none  |    read_23   |    pointer   |
|read_24              |  in |    8|   ap_none  |    read_24   |    pointer   |
|read_25              |  in |    8|   ap_none  |    read_25   |    pointer   |
|read_26              |  in |    8|   ap_none  |    read_26   |    pointer   |
|read_27              |  in |    8|   ap_none  |    read_27   |    pointer   |
|read_28              |  in |    8|   ap_none  |    read_28   |    pointer   |
|read_29              |  in |    8|   ap_none  |    read_29   |    pointer   |
|read_30              |  in |    8|   ap_none  |    read_30   |    pointer   |
|read_31              |  in |    8|   ap_none  |    read_31   |    pointer   |
|read_32              |  in |    8|   ap_none  |    read_32   |    pointer   |
|read_33              |  in |    8|   ap_none  |    read_33   |    pointer   |
|read_34              |  in |    8|   ap_none  |    read_34   |    pointer   |
|read_35              |  in |    8|   ap_none  |    read_35   |    pointer   |
|read_36              |  in |    8|   ap_none  |    read_36   |    pointer   |
|read_37              |  in |    8|   ap_none  |    read_37   |    pointer   |
|read_38              |  in |    8|   ap_none  |    read_38   |    pointer   |
|read_39              |  in |    8|   ap_none  |    read_39   |    pointer   |
|read_40              |  in |    8|   ap_none  |    read_40   |    pointer   |
|read_41              |  in |    8|   ap_none  |    read_41   |    pointer   |
|read_42              |  in |    8|   ap_none  |    read_42   |    pointer   |
|read_43              |  in |    8|   ap_none  |    read_43   |    pointer   |
|read_44              |  in |    8|   ap_none  |    read_44   |    pointer   |
|read_45              |  in |    8|   ap_none  |    read_45   |    pointer   |
|read_46              |  in |    8|   ap_none  |    read_46   |    pointer   |
|read_47              |  in |    8|   ap_none  |    read_47   |    pointer   |
|read_48              |  in |    8|   ap_none  |    read_48   |    pointer   |
|read_49              |  in |    8|   ap_none  |    read_49   |    pointer   |
|read_50              |  in |    8|   ap_none  |    read_50   |    pointer   |
|read_51              |  in |    8|   ap_none  |    read_51   |    pointer   |
|read_52              |  in |    8|   ap_none  |    read_52   |    pointer   |
|read_53              |  in |    8|   ap_none  |    read_53   |    pointer   |
|read_54              |  in |    8|   ap_none  |    read_54   |    pointer   |
|read_55              |  in |    8|   ap_none  |    read_55   |    pointer   |
|read_56              |  in |    8|   ap_none  |    read_56   |    pointer   |
|read_57              |  in |    8|   ap_none  |    read_57   |    pointer   |
|read_58              |  in |    8|   ap_none  |    read_58   |    pointer   |
|read_59              |  in |    8|   ap_none  |    read_59   |    pointer   |
|read_60              |  in |    8|   ap_none  |    read_60   |    pointer   |
|read_61              |  in |    8|   ap_none  |    read_61   |    pointer   |
|read_62              |  in |    8|   ap_none  |    read_62   |    pointer   |
|read_63              |  in |    8|   ap_none  |    read_63   |    pointer   |
|read_64              |  in |    8|   ap_none  |    read_64   |    pointer   |
|read_65              |  in |    8|   ap_none  |    read_65   |    pointer   |
|read_66              |  in |    8|   ap_none  |    read_66   |    pointer   |
|read_67              |  in |    8|   ap_none  |    read_67   |    pointer   |
|read_68              |  in |    8|   ap_none  |    read_68   |    pointer   |
|read_69              |  in |    8|   ap_none  |    read_69   |    pointer   |
|read_70              |  in |    8|   ap_none  |    read_70   |    pointer   |
|read_71              |  in |    8|   ap_none  |    read_71   |    pointer   |
|read_72              |  in |    8|   ap_none  |    read_72   |    pointer   |
|read_73              |  in |    8|   ap_none  |    read_73   |    pointer   |
|read_74              |  in |    8|   ap_none  |    read_74   |    pointer   |
|read_75              |  in |    8|   ap_none  |    read_75   |    pointer   |
|read_76              |  in |    8|   ap_none  |    read_76   |    pointer   |
|read_77              |  in |    8|   ap_none  |    read_77   |    pointer   |
|read_78              |  in |    8|   ap_none  |    read_78   |    pointer   |
|read_79              |  in |    8|   ap_none  |    read_79   |    pointer   |
|read_80              |  in |    8|   ap_none  |    read_80   |    pointer   |
|read_81              |  in |    8|   ap_none  |    read_81   |    pointer   |
|read_82              |  in |    8|   ap_none  |    read_82   |    pointer   |
|read_83              |  in |    8|   ap_none  |    read_83   |    pointer   |
|read_84              |  in |    8|   ap_none  |    read_84   |    pointer   |
|read_85              |  in |    8|   ap_none  |    read_85   |    pointer   |
|read_86              |  in |    8|   ap_none  |    read_86   |    pointer   |
|read_87              |  in |    8|   ap_none  |    read_87   |    pointer   |
|read_88              |  in |    8|   ap_none  |    read_88   |    pointer   |
|read_89              |  in |    8|   ap_none  |    read_89   |    pointer   |
|read_90              |  in |    8|   ap_none  |    read_90   |    pointer   |
|read_91              |  in |    8|   ap_none  |    read_91   |    pointer   |
|read_92              |  in |    8|   ap_none  |    read_92   |    pointer   |
|read_93              |  in |    8|   ap_none  |    read_93   |    pointer   |
|read_94              |  in |    8|   ap_none  |    read_94   |    pointer   |
|read_95              |  in |    8|   ap_none  |    read_95   |    pointer   |
|read_96              |  in |    8|   ap_none  |    read_96   |    pointer   |
|read_97              |  in |    8|   ap_none  |    read_97   |    pointer   |
|read_98              |  in |    8|   ap_none  |    read_98   |    pointer   |
|read_99              |  in |    8|   ap_none  |    read_99   |    pointer   |
|read_100             |  in |    8|   ap_none  |   read_100   |    pointer   |
|read_101             |  in |    8|   ap_none  |   read_101   |    pointer   |
|read_102             |  in |    8|   ap_none  |   read_102   |    pointer   |
|read_103             |  in |    8|   ap_none  |   read_103   |    pointer   |
|read_104             |  in |    8|   ap_none  |   read_104   |    pointer   |
|read_105             |  in |    8|   ap_none  |   read_105   |    pointer   |
|read_106             |  in |    8|   ap_none  |   read_106   |    pointer   |
|read_107             |  in |    8|   ap_none  |   read_107   |    pointer   |
|read_108             |  in |    8|   ap_none  |   read_108   |    pointer   |
|read_109             |  in |    8|   ap_none  |   read_109   |    pointer   |
|read_110             |  in |    8|   ap_none  |   read_110   |    pointer   |
|read_111             |  in |    8|   ap_none  |   read_111   |    pointer   |
|read_112             |  in |    8|   ap_none  |   read_112   |    pointer   |
|read_113             |  in |    8|   ap_none  |   read_113   |    pointer   |
|read_114             |  in |    8|   ap_none  |   read_114   |    pointer   |
|read_115             |  in |    8|   ap_none  |   read_115   |    pointer   |
|read_116             |  in |    8|   ap_none  |   read_116   |    pointer   |
|read_117             |  in |    8|   ap_none  |   read_117   |    pointer   |
|read_118             |  in |    8|   ap_none  |   read_118   |    pointer   |
|read_119             |  in |    8|   ap_none  |   read_119   |    pointer   |
|read_120             |  in |    8|   ap_none  |   read_120   |    pointer   |
|read_121             |  in |    8|   ap_none  |   read_121   |    pointer   |
|read_122             |  in |    8|   ap_none  |   read_122   |    pointer   |
|read_123             |  in |    8|   ap_none  |   read_123   |    pointer   |
|read_124             |  in |    8|   ap_none  |   read_124   |    pointer   |
|read_125             |  in |    8|   ap_none  |   read_125   |    pointer   |
|read_126             |  in |    8|   ap_none  |   read_126   |    pointer   |
|read_127             |  in |    8|   ap_none  |   read_127   |    pointer   |
|read_128             |  in |    8|   ap_none  |   read_128   |    pointer   |
|read_129             |  in |    8|   ap_none  |   read_129   |    pointer   |
|read_130             |  in |    8|   ap_none  |   read_130   |    pointer   |
|read_131             |  in |    8|   ap_none  |   read_131   |    pointer   |
|read_132             |  in |    8|   ap_none  |   read_132   |    pointer   |
|read_133             |  in |    8|   ap_none  |   read_133   |    pointer   |
|read_134             |  in |    8|   ap_none  |   read_134   |    pointer   |
|read_135             |  in |    8|   ap_none  |   read_135   |    pointer   |
|read_136             |  in |    8|   ap_none  |   read_136   |    pointer   |
|read_137             |  in |    8|   ap_none  |   read_137   |    pointer   |
|read_138             |  in |    8|   ap_none  |   read_138   |    pointer   |
|read_139             |  in |    8|   ap_none  |   read_139   |    pointer   |
|read_140             |  in |    8|   ap_none  |   read_140   |    pointer   |
|read_141             |  in |    8|   ap_none  |   read_141   |    pointer   |
|read_142             |  in |    8|   ap_none  |   read_142   |    pointer   |
|read_143             |  in |    8|   ap_none  |   read_143   |    pointer   |
|read_144             |  in |    8|   ap_none  |   read_144   |    pointer   |
|read_145             |  in |    8|   ap_none  |   read_145   |    pointer   |
|read_146             |  in |    8|   ap_none  |   read_146   |    pointer   |
|read_147             |  in |    8|   ap_none  |   read_147   |    pointer   |
|read_148             |  in |    8|   ap_none  |   read_148   |    pointer   |
|read_149             |  in |    8|   ap_none  |   read_149   |    pointer   |
|read_150             |  in |    8|   ap_none  |   read_150   |    pointer   |
|read_151             |  in |    8|   ap_none  |   read_151   |    pointer   |
|read_152             |  in |    8|   ap_none  |   read_152   |    pointer   |
|read_153             |  in |    8|   ap_none  |   read_153   |    pointer   |
|read_154             |  in |    8|   ap_none  |   read_154   |    pointer   |
|read_155             |  in |    8|   ap_none  |   read_155   |    pointer   |
|read_156             |  in |    8|   ap_none  |   read_156   |    pointer   |
|read_157             |  in |    8|   ap_none  |   read_157   |    pointer   |
|read_158             |  in |    8|   ap_none  |   read_158   |    pointer   |
|read_159             |  in |    8|   ap_none  |   read_159   |    pointer   |
|read_160             |  in |    8|   ap_none  |   read_160   |    pointer   |
|read_161             |  in |    8|   ap_none  |   read_161   |    pointer   |
|read_162             |  in |    8|   ap_none  |   read_162   |    pointer   |
|read_163             |  in |    8|   ap_none  |   read_163   |    pointer   |
|read_164             |  in |    8|   ap_none  |   read_164   |    pointer   |
|read_165             |  in |    8|   ap_none  |   read_165   |    pointer   |
|read_166             |  in |    8|   ap_none  |   read_166   |    pointer   |
|read_167             |  in |    8|   ap_none  |   read_167   |    pointer   |
|read_168             |  in |    8|   ap_none  |   read_168   |    pointer   |
|read_169             |  in |    8|   ap_none  |   read_169   |    pointer   |
|read_170             |  in |    8|   ap_none  |   read_170   |    pointer   |
|read_171             |  in |    8|   ap_none  |   read_171   |    pointer   |
|read_172             |  in |    8|   ap_none  |   read_172   |    pointer   |
|read_173             |  in |    8|   ap_none  |   read_173   |    pointer   |
|read_174             |  in |    8|   ap_none  |   read_174   |    pointer   |
|read_175             |  in |    8|   ap_none  |   read_175   |    pointer   |
|read_176             |  in |    8|   ap_none  |   read_176   |    pointer   |
|read_177             |  in |    8|   ap_none  |   read_177   |    pointer   |
|read_178             |  in |    8|   ap_none  |   read_178   |    pointer   |
|read_179             |  in |    8|   ap_none  |   read_179   |    pointer   |
|read_180             |  in |    8|   ap_none  |   read_180   |    pointer   |
|read_181             |  in |    8|   ap_none  |   read_181   |    pointer   |
|read_182             |  in |    8|   ap_none  |   read_182   |    pointer   |
|read_183             |  in |    8|   ap_none  |   read_183   |    pointer   |
|read_184             |  in |    8|   ap_none  |   read_184   |    pointer   |
|read_185             |  in |    8|   ap_none  |   read_185   |    pointer   |
|read_186             |  in |    8|   ap_none  |   read_186   |    pointer   |
|read_187             |  in |    8|   ap_none  |   read_187   |    pointer   |
|read_188             |  in |    8|   ap_none  |   read_188   |    pointer   |
|read_189             |  in |    8|   ap_none  |   read_189   |    pointer   |
|read_190             |  in |    8|   ap_none  |   read_190   |    pointer   |
|read_191             |  in |    8|   ap_none  |   read_191   |    pointer   |
|read_192             |  in |    8|   ap_none  |   read_192   |    pointer   |
|read_193             |  in |    8|   ap_none  |   read_193   |    pointer   |
|read_194             |  in |    8|   ap_none  |   read_194   |    pointer   |
|read_195             |  in |    8|   ap_none  |   read_195   |    pointer   |
|read_196             |  in |    8|   ap_none  |   read_196   |    pointer   |
|read_197             |  in |    8|   ap_none  |   read_197   |    pointer   |
|read_198             |  in |    8|   ap_none  |   read_198   |    pointer   |
|read_199             |  in |    8|   ap_none  |   read_199   |    pointer   |
|read_200             |  in |    8|   ap_none  |   read_200   |    pointer   |
|read_201             |  in |    8|   ap_none  |   read_201   |    pointer   |
|read_202             |  in |    8|   ap_none  |   read_202   |    pointer   |
|read_203             |  in |    8|   ap_none  |   read_203   |    pointer   |
|read_204             |  in |    8|   ap_none  |   read_204   |    pointer   |
|read_205             |  in |    8|   ap_none  |   read_205   |    pointer   |
|read_206             |  in |    8|   ap_none  |   read_206   |    pointer   |
|read_207             |  in |    8|   ap_none  |   read_207   |    pointer   |
|read_208             |  in |    8|   ap_none  |   read_208   |    pointer   |
|read_209             |  in |    8|   ap_none  |   read_209   |    pointer   |
|read_210             |  in |    8|   ap_none  |   read_210   |    pointer   |
|read_211             |  in |    8|   ap_none  |   read_211   |    pointer   |
|read_212             |  in |    8|   ap_none  |   read_212   |    pointer   |
|read_213             |  in |    8|   ap_none  |   read_213   |    pointer   |
|read_214             |  in |    8|   ap_none  |   read_214   |    pointer   |
|read_215             |  in |    8|   ap_none  |   read_215   |    pointer   |
|read_216             |  in |    8|   ap_none  |   read_216   |    pointer   |
|read_217             |  in |    8|   ap_none  |   read_217   |    pointer   |
|read_218             |  in |    8|   ap_none  |   read_218   |    pointer   |
|read_219             |  in |    8|   ap_none  |   read_219   |    pointer   |
|read_220             |  in |    8|   ap_none  |   read_220   |    pointer   |
|read_221             |  in |    8|   ap_none  |   read_221   |    pointer   |
|read_222             |  in |    8|   ap_none  |   read_222   |    pointer   |
|read_223             |  in |    8|   ap_none  |   read_223   |    pointer   |
|read_224             |  in |    8|   ap_none  |   read_224   |    pointer   |
|read_225             |  in |    8|   ap_none  |   read_225   |    pointer   |
|read_226             |  in |    8|   ap_none  |   read_226   |    pointer   |
|read_227             |  in |    8|   ap_none  |   read_227   |    pointer   |
|read_228             |  in |    8|   ap_none  |   read_228   |    pointer   |
|read_229             |  in |    8|   ap_none  |   read_229   |    pointer   |
|read_230             |  in |    8|   ap_none  |   read_230   |    pointer   |
|read_231             |  in |    8|   ap_none  |   read_231   |    pointer   |
|read_232             |  in |    8|   ap_none  |   read_232   |    pointer   |
|read_233             |  in |    8|   ap_none  |   read_233   |    pointer   |
|read_234             |  in |    8|   ap_none  |   read_234   |    pointer   |
|read_235             |  in |    8|   ap_none  |   read_235   |    pointer   |
|read_236             |  in |    8|   ap_none  |   read_236   |    pointer   |
|read_237             |  in |    8|   ap_none  |   read_237   |    pointer   |
|read_238             |  in |    8|   ap_none  |   read_238   |    pointer   |
|read_239             |  in |    8|   ap_none  |   read_239   |    pointer   |
|read_240             |  in |    8|   ap_none  |   read_240   |    pointer   |
|read_241             |  in |    8|   ap_none  |   read_241   |    pointer   |
|read_242             |  in |    8|   ap_none  |   read_242   |    pointer   |
|read_243             |  in |    8|   ap_none  |   read_243   |    pointer   |
|read_244             |  in |    8|   ap_none  |   read_244   |    pointer   |
|read_245             |  in |    8|   ap_none  |   read_245   |    pointer   |
|read_246             |  in |    8|   ap_none  |   read_246   |    pointer   |
|read_247             |  in |    8|   ap_none  |   read_247   |    pointer   |
|read_248             |  in |    8|   ap_none  |   read_248   |    pointer   |
|read_249             |  in |    8|   ap_none  |   read_249   |    pointer   |
|read_250             |  in |    8|   ap_none  |   read_250   |    pointer   |
|read_251             |  in |    8|   ap_none  |   read_251   |    pointer   |
|read_252             |  in |    8|   ap_none  |   read_252   |    pointer   |
|read_253             |  in |    8|   ap_none  |   read_253   |    pointer   |
|read_254             |  in |    8|   ap_none  |   read_254   |    pointer   |
|read_255             |  in |    8|   ap_none  |   read_255   |    pointer   |
|readn                |  in |   32|   ap_none  |     readn    |    scalar    |
+---------------------+-----+-----+------------+--------------+--------------+

